<?xml version="1.0" encoding="UTF-8"?>
<testsuites name="Mocha Tests" time="0.616" tests="3" failures="0">
  <testsuite name="Root Suite" timestamp="2019-07-18T02:29:48" tests="0" failures="0" time="0">
  </testsuite>
  <testsuite name="127.0.0.1" timestamp="2019-07-18T02:29:48" tests="3" file="/home/afs/linux-scripts/nodejs/nmap-mocha/test/scan-localhost.spec.js" failures="0" time="0.616">
    <testcase name="127.0.0.1 nmap is installed" time="0.08" classname="nmap is installed">
    </testcase>
    <testcase name="127.0.0.1 has internet connection" time="0.001" classname="has internet connection">
    </testcase>
    <testcase name="127.0.0.1 review ports" time="0.535" classname="review ports">
    </testcase>
  </testsuite>
</testsuites>